<?xml version="1.0" encoding="UTF-8"?>
<!-- Generated by org.testng.reporters.JUnitReportReporter -->
<testsuite hostname="Mac" failures="0" tests="5" name="SeleniumByHarman.tests.SubmitOrderTest" time="61.145" errors="0" timestamp="2025-04-04T19:33:57 EDT" skipped="0">
  <testcase classname="SeleniumByHarman.tests.SubmitOrderTest" name="submitOrderUsingHashMapData" time="23.877"/>
  <testcase classname="SeleniumByHarman.tests.SubmitOrderTest" name="submitOrder" time="10.957"/>
  <testcase classname="SeleniumByHarman.tests.SubmitOrderTest" name="submitOrderUsingHashMapData" time="10.557"/>
  <testcase classname="SeleniumByHarman.tests.SubmitOrderTest" name="submitOrder" time="11.228"/>
  <testcase classname="SeleniumByHarman.tests.SubmitOrderTest" name="orderHistoryTest" time="4.526"/>
</testsuite> <!-- SeleniumByHarman.tests.SubmitOrderTest -->
